<?xml version="1.0" encoding="UTF-8"?>
<testsuite name="com.example.lambdaandtesting.lambda.MyAwesomeLambdaTest" tests="1" skipped="0" failures="0" errors="0" timestamp="2020-12-27T00:48:34" hostname="mike-VirtualBox" time="0.558">
  <properties/>
  <testcase name="handleRequest()" classname="com.example.lambdaandtesting.lambda.MyAwesomeLambdaTest" time="0.558"/>
  <system-out><![CDATA[ENVIRONMENT VARIABLES: {
  "PATH": "/home/mike/apps/google-cloud-sdk/bin:/home/mike/apps/anaconda3/bin:/home/mike/apps/anaconda3/condabin:/home/mike/.sdkman/candidates/maven/current/bin:/home/mike/.sdkman/candidates/kotlin/current/bin:/home/mike/.sdkman/candidates/java/current/bin:/home/mike/.sdkman/candidates/gradle/current/bin:/usr/local/sbin:/usr/local/bin:/usr/sbin:/usr/bin:/sbin:/bin:/usr/games:/usr/local/games:/usr/local/cuda-10.1/bin:/usr/local/cuda-10.1/NsightCompute-2019.1:/snap/bin:/usr/lib/dart/bin",
  "XAUTHORITY": "/home/mike/.Xauthority",
  "SDKMAN_VERSION": "5.9.1+575",
  "XDG_DATA_DIRS": "/usr/share/cinnamon:/usr/share/gnome:/home/mike/.local/share/flatpak/exports/share:/var/lib/flatpak/exports/share:/usr/local/share:/usr/share:/var/lib/snapd/desktop",
  "GDMSESSION": "cinnamon",
  "CONDA_DEFAULT_ENV": "base",
  "CONDA_PYTHON_EXE": "/home/mike/apps/anaconda3/bin/python",
  "DBUS_SESSION_BUS_ADDRESS": "unix:path\u003d/run/user/1000/bus",
  "CONDA_PREFIX": "/home/mike/apps/anaconda3",
  "XDG_CURRENT_DESKTOP": "X-Cinnamon",
  "MAVEN_HOME": "/home/mike/.sdkman/candidates/maven/current",
  "SSH_AGENT_PID": "3218",
  "COLORTERM": "truecolor",
  "SDKMAN_DIR": "/home/mike/.sdkman",
  "SESSION_MANAGER": "local/mike-VirtualBox:@/tmp/.ICE-unix/3054,unix/mike-VirtualBox:/tmp/.ICE-unix/3054",
  "LOGNAME": "mike",
  "PWD": "/home/mike",
  "LANGUAGE": "en_US:en",
  "GJS_DEBUG_TOPICS": "JS ERROR;JS LOG",
  "SHELL": "/usr/bin/zsh",
  "PAGER": "less",
  "SDKMAN_CANDIDATES_API": "https://api.sdkman.io/2",
  "OLDPWD": "/home/mike/apps/idea-IU-202.7660.26/bin",
  "ZSH": "/home/mike/.oh-my-zsh",
  "GNOME_DESKTOP_SESSION_ID": "this-is-deprecated",
  "GNOME_TERMINAL_SCREEN": "/org/gnome/Terminal/screen/38a2634e_c52a_4787_8a15_a4f989bd7914",
  "GTK_MODULES": "gail:atk-bridge",
  "XDG_SESSION_PATH": "/org/freedesktop/DisplayManager/Session0",
  "CONDA_PROMPT_MODIFIER": "(base) ",
  "LESS": "-R",
  "LS_COLORS": "rs\u003d0:di\u003d01;34:ln\u003d01;36:mh\u003d00:pi\u003d40;33:so\u003d01;35:do\u003d01;35:bd\u003d40;33;01:cd\u003d40;33;01:or\u003d40;31;01:mi\u003d00:su\u003d37;41:sg\u003d30;43:ca\u003d30;41:tw\u003d30;42:ow\u003d34;42:st\u003d37;44:ex\u003d01;32:*.tar\u003d01;31:*.tgz\u003d01;31:*.arc\u003d01;31:*.arj\u003d01;31:*.taz\u003d01;31:*.lha\u003d01;31:*.lz4\u003d01;31:*.lzh\u003d01;31:*.lzma\u003d01;31:*.tlz\u003d01;31:*.txz\u003d01;31:*.tzo\u003d01;31:*.t7z\u003d01;31:*.zip\u003d01;31:*.z\u003d01;31:*.Z\u003d01;31:*.dz\u003d01;31:*.gz\u003d01;31:*.lrz\u003d01;31:*.lz\u003d01;31:*.lzo\u003d01;31:*.xz\u003d01;31:*.zst\u003d01;31:*.tzst\u003d01;31:*.bz2\u003d01;31:*.bz\u003d01;31:*.tbz\u003d01;31:*.tbz2\u003d01;31:*.tz\u003d01;31:*.deb\u003d01;31:*.rpm\u003d01;31:*.jar\u003d01;31:*.war\u003d01;31:*.ear\u003d01;31:*.sar\u003d01;31:*.rar\u003d01;31:*.alz\u003d01;31:*.ace\u003d01;31:*.zoo\u003d01;31:*.cpio\u003d01;31:*.7z\u003d01;31:*.rz\u003d01;31:*.cab\u003d01;31:*.wim\u003d01;31:*.swm\u003d01;31:*.dwm\u003d01;31:*.esd\u003d01;31:*.jpg\u003d01;35:*.jpeg\u003d01;35:*.mjpg\u003d01;35:*.mjpeg\u003d01;35:*.gif\u003d01;35:*.bmp\u003d01;35:*.pbm\u003d01;35:*.pgm\u003d01;35:*.ppm\u003d01;35:*.tga\u003d01;35:*.xbm\u003d01;35:*.xpm\u003d01;35:*.tif\u003d01;35:*.tiff\u003d01;35:*.png\u003d01;35:*.svg\u003d01;35:*.svgz\u003d01;35:*.mng\u003d01;35:*.pcx\u003d01;35:*.mov\u003d01;35:*.mpg\u003d01;35:*.mpeg\u003d01;35:*.m2v\u003d01;35:*.mkv\u003d01;35:*.webm\u003d01;35:*.ogm\u003d01;35:*.mp4\u003d01;35:*.m4v\u003d01;35:*.mp4v\u003d01;35:*.vob\u003d01;35:*.qt\u003d01;35:*.nuv\u003d01;35:*.wmv\u003d01;35:*.asf\u003d01;35:*.rm\u003d01;35:*.rmvb\u003d01;35:*.flc\u003d01;35:*.avi\u003d01;35:*.fli\u003d01;35:*.flv\u003d01;35:*.gl\u003d01;35:*.dl\u003d01;35:*.xcf\u003d01;35:*.xwd\u003d01;35:*.yuv\u003d01;35:*.cgm\u003d01;35:*.emf\u003d01;35:*.ogv\u003d01;35:*.ogx\u003d01;35:*.aac\u003d00;36:*.au\u003d00;36:*.flac\u003d00;36:*.m4a\u003d00;36:*.mid\u003d00;36:*.midi\u003d00;36:*.mka\u003d00;36:*.mp3\u003d00;36:*.mpc\u003d00;36:*.ogg\u003d00;36:*.ra\u003d00;36:*.wav\u003d00;36:*.oga\u003d00;36:*.opus\u003d00;36:*.spx\u003d00;36:*.xspf\u003d00;36:",
  "XDG_SESSION_DESKTOP": "cinnamon",
  "SHLVL": "1",
  "CONDA_EXE": "/home/mike/apps/anaconda3/bin/conda",
  "JAVA_HOME": "/home/mike/.sdkman/candidates/java/current",
  "KOTLIN_HOME": "/home/mike/.sdkman/candidates/kotlin/current",
  "TERM": "xterm-256color",
  "XDG_CONFIG_DIRS": "/etc/xdg/xdg-cinnamon:/etc/xdg",
  "GNOME_TERMINAL_SERVICE": ":1.65",
  "LANG": "en_US.UTF-8",
  "XDG_SEAT_PATH": "/org/freedesktop/DisplayManager/Seat0",
  "XDG_SESSION_ID": "c1",
  "XDG_SESSION_TYPE": "x11",
  "GRADLE_HOME": "/home/mike/.sdkman/candidates/gradle/current",
  "DISPLAY": ":0",
  "_CE_M": "",
  "CINNAMON_VERSION": "4.4.8",
  "CONDA_SHLVL": "1",
  "SDKMAN_CANDIDATES_DIR": "/home/mike/.sdkman/candidates",
  "_": "/usr/bin/idea",
  "GDM_LANG": "en_US",
  "LSCOLORS": "Gxfxcxdxbxegedabagacad",
  "XDG_GREETER_DATA_DIR": "/var/lib/lightdm-data/mike",
  "GPG_AGENT_INFO": "/run/user/1000/gnupg/S.gpg-agent:0:1",
  "DESKTOP_SESSION": "cinnamon",
  "SDKMAN_PLATFORM": "Linux64",
  "USER": "mike",
  "VTE_VERSION": "5202",
  "QT_ACCESSIBILITY": "1",
  "GJS_DEBUG_OUTPUT": "stderr",
  "SSH_AUTH_SOCK": "/run/user/1000/keyring/ssh",
  "XDG_SEAT": "seat0",
  "_CE_CONDA": "",
  "GTK_OVERLAY_SCROLLING": "1",
  "QT_QPA_PLATFORMTHEME": "qt5ct",
  "XDG_VTNR": "7",
  "XDG_RUNTIME_DIR": "/run/user/1000",
  "HOME": "/home/mike"
}CONTEXT: {
  "memoryLimit": 2134,
  "awsRequestId": "0b4415d4-6fc0-4741-925d-8349e6d9fe50",
  "logGroupName": "mygroup",
  "logStreamName": "mylogStream",
  "functionName": "myfunction",
  "functionVersion": "1.0",
  "invokedFunctionArn": "sadfasdf",
  "deadlineTimeInMs": 1234,
  "cognitoIdentity": {
    "cognitoIdentityId": "20d18c23-6e4e-4df4-9813-a75f9455f4eb",
    "cognitoIdentityPoolId": "1"
  },
  "clientContext": {}
}EVENT: {}EVENT TYPE: class java.util.HashMap
Ship: SpaceShip(model=round, captain=Mike, fuel=77)
]]></system-out>
  <system-err><![CDATA[]]></system-err>
</testsuite>
